<?xml version="1.0" encoding="UTF-8"?>
<testsuite xmlns:xsi="http://www.w3.org/2001/XMLSchema-instance" xsi:noNamespaceSchemaLocation="https://maven.apache.org/surefire/maven-surefire-plugin/xsd/surefire-test-report.xsd" version="3.0.2" name="io.jenkins.plugins.jenkins_plugin.InjectedTest" time="4.427" tests="2" errors="0" skipped="0" failures="0">
  <properties>
    <property name="java.specification.version" value="21"/>
    <property name="sun.jnu.encoding" value="UTF-8"/>
    <property name="java.class.path" value="/home/alayne/repos/projects/jenkins-plugin/target/test-classes:/home/alayne/repos/projects/jenkins-plugin/target/classes:/home/alayne/.m2/repository/junit/junit/4.13.2/junit-4.13.2.jar:/home/alayne/.m2/repository/org/hamcrest/hamcrest-core/3.0/hamcrest-core-3.0.jar:/home/alayne/.m2/repository/org/jenkins-ci/plugins/workflow/workflow-basic-steps/1079.vce64b_a_929c5a_/workflow-basic-steps-1079.vce64b_a_929c5a_.jar:/home/alayne/.m2/repository/io/jenkins/plugins/jakarta-mail-api/2.1.3-2/jakarta-mail-api-2.1.3-2.jar:/home/alayne/.m2/repository/io/jenkins/plugins/jakarta-activation-api/2.1.3-2/jakarta-activation-api-2.1.3-2.jar:/home/alayne/.m2/repository/jakarta/activation/jakarta.activation-api/2.1.3/jakarta.activation-api-2.1.3.jar:/home/alayne/.m2/repository/org/eclipse/angus/angus-activation/2.0.2/angus-activation-2.0.2.jar:/home/alayne/.m2/repository/jakarta/mail/jakarta.mail-api/2.1.3/jakarta.mail-api-2.1.3.jar:/home/alayne/.m2/repository/org/eclipse/angus/angus-mail/2.0.3/angus-mail-2.0.3.jar:/home/alayne/.m2/repository/org/jenkins-ci/plugins/workflow/workflow-step-api/704.ve4f0967e98fa_/workflow-step-api-704.ve4f0967e98fa_.jar:/home/alayne/.m2/repository/org/jenkins-ci/plugins/mailer/489.vd4b_25144138f/mailer-489.vd4b_25144138f.jar:/home/alayne/.m2/repository/org/jenkins-ci/plugins/display-url-api/2.209.v582ed814ff2f/display-url-api-2.209.v582ed814ff2f.jar:/home/alayne/.m2/repository/org/jenkins-ci/modules/instance-identity/203.v15e81a_1b_7a_38/instance-identity-203.v15e81a_1b_7a_38.jar:/home/alayne/.m2/repository/org/jenkins-ci/plugins/bouncycastle-api/2.30.1.80-261.v00c0e2618ec3/bouncycastle-api-2.30.1.80-261.v00c0e2618ec3.jar:/home/alayne/.m2/repository/org/bouncycastle/bcpg-jdk18on/1.80/bcpg-jdk18on-1.80.jar:/home/alayne/.m2/repository/org/bouncycastle/bcpkix-jdk18on/1.80/bcpkix-jdk18on-1.80.jar:/home/alayne/.m2/repository/org/bouncycastle/bcprov-jdk18on/1.80/bcprov-jdk18on-1.80.jar:/home/alayne/.m2/repository/org/bouncycastle/bcutil-jdk18on/1.80/bcutil-jdk18on-1.80.jar:/home/alayne/.m2/repository/org/jenkins-ci/plugins/workflow/workflow-api/1373.v7b_813f10efa_b_/workflow-api-1373.v7b_813f10efa_b_.jar:/home/alayne/.m2/repository/org/jenkins-ci/plugins/structs/350.v3b_30f09f2363/structs-350.v3b_30f09f2363.jar:/home/alayne/.m2/repository/org/jenkins-ci/plugins/apache-httpcomponents-client-4-api/4.5.14-269.vfa_2321039a_83/apache-httpcomponents-client-4-api-4.5.14-269.vfa_2321039a_83.jar:/home/alayne/.m2/repository/org/apache/httpcomponents/fluent-hc/4.5.14/fluent-hc-4.5.14.jar:/home/alayne/.m2/repository/org/apache/httpcomponents/httpasyncclient/4.1.5/httpasyncclient-4.1.5.jar:/home/alayne/.m2/repository/org/apache/httpcomponents/httpasyncclient-cache/4.1.5/httpasyncclient-cache-4.1.5.jar:/home/alayne/.m2/repository/org/apache/httpcomponents/httpclient/4.5.14/httpclient-4.5.14.jar:/home/alayne/.m2/repository/org/apache/httpcomponents/httpclient-cache/4.5.14/httpclient-cache-4.5.14.jar:/home/alayne/.m2/repository/org/apache/httpcomponents/httpcore/4.4.16/httpcore-4.4.16.jar:/home/alayne/.m2/repository/org/apache/httpcomponents/httpcore-nio/4.4.16/httpcore-nio-4.4.16.jar:/home/alayne/.m2/repository/org/apache/httpcomponents/httpmime/4.5.14/httpmime-4.5.14.jar:/home/alayne/.m2/repository/org/jenkins-ci/plugins/workflow/workflow-cps/4151.v5406e29e3c90/workflow-cps-4151.v5406e29e3c90.jar:/home/alayne/.m2/repository/io/jenkins/plugins/ionicons-api/88.va_4187cb_eddf1/ionicons-api-88.va_4187cb_eddf1.jar:/home/alayne/.m2/repository/org/jenkins-ci/plugins/workflow/workflow-support/968.v8f17397e87b_8/workflow-support-968.v8f17397e87b_8.jar:/home/alayne/.m2/repository/io/jenkins/plugins/caffeine-api/3.2.0-166.v72a_6d74b_870f/caffeine-api-3.2.0-166.v72a_6d74b_870f.jar:/home/alayne/.m2/repository/com/github/ben-manes/caffeine/caffeine/3.2.0/caffeine-3.2.0.jar:/home/alayne/.m2/repository/org/jboss/marshalling/jboss-marshalling-river/2.2.2.Final/jboss-marshalling-river-2.2.2.Final.jar:/home/alayne/.m2/repository/org/jboss/marshalling/jboss-marshalling/2.2.2.Final/jboss-marshalling-2.2.2.Final.jar:/home/alayne/.m2/repository/org/jenkins-ci/plugins/workflow/workflow-scm-step/437.v05a_f66b_e5ef8/workflow-scm-step-437.v05a_f66b_e5ef8.jar:/home/alayne/.m2/repository/org/jenkins-ci/plugins/script-security/1373.vb_b_4a_a_c26fa_00/script-security-1373.vb_b_4a_a_c26fa_00.jar:/home/alayne/.m2/repository/org/kohsuke/groovy-sandbox/1.34/groovy-sandbox-1.34.jar:/home/alayne/.m2/repository/org/jenkins-ci/plugins/scm-api/704.v3ce5c542825a_/scm-api-704.v3ce5c542825a_.jar:/home/alayne/.m2/repository/io/jenkins/plugins/asm-api/9.8-135.vb_2239d08ee90/asm-api-9.8-135.vb_2239d08ee90.jar:/home/alayne/.m2/repository/org/ow2/asm/asm/9.7.1/asm-9.7.1.jar:/home/alayne/.m2/repository/org/ow2/asm/asm-analysis/9.8/asm-analysis-9.8.jar:/home/alayne/.m2/repository/org/ow2/asm/asm-commons/9.8/asm-commons-9.8.jar:/home/alayne/.m2/repository/org/ow2/asm/asm-tree/9.8/asm-tree-9.8.jar:/home/alayne/.m2/repository/org/ow2/asm/asm-util/9.8/asm-util-9.8.jar:/home/alayne/.m2/repository/com/cloudbees/groovy-cps/4151.v5406e29e3c90/groovy-cps-4151.v5406e29e3c90.jar:/home/alayne/.m2/repository/com/cloudbees/diff4j/1.3/diff4j-1.3.jar:/home/alayne/.m2/repository/org/jenkins-ci/plugins/workflow/workflow-durable-task-step/1434.v1b_595c29ddd7/workflow-durable-task-step-1434.v1b_595c29ddd7.jar:/home/alayne/.m2/repository/org/jenkins-ci/plugins/durable-task/587.v84b_877235b_45/durable-task-587.v84b_877235b_45.jar:/home/alayne/.m2/repository/io/jenkins/plugins/lib-durable-task/48.v72b_86b_9ca_8e1/lib-durable-task-48.v72b_86b_9ca_8e1.jar:/home/alayne/.m2/repository/org/jenkins-ci/plugins/workflow/workflow-job/1540.v295eccc9778f/workflow-job-1540.v295eccc9778f.jar:/home/alayne/.m2/repository/org/mockito/mockito-core/5.19.0/mockito-core-5.19.0.jar:/home/alayne/.m2/repository/net/bytebuddy/byte-buddy/1.17.6/byte-buddy-1.17.6.jar:/home/alayne/.m2/repository/net/bytebuddy/byte-buddy-agent/1.17.6/byte-buddy-agent-1.17.6.jar:/home/alayne/.m2/repository/org/objenesis/objenesis/3.3/objenesis-3.3.jar:/home/alayne/.m2/repository/org/jenkins-ci/main/jenkins-core/2.479.3/jenkins-core-2.479.3.jar:/home/alayne/.m2/repository/org/jenkins-ci/main/cli/2.479.3/cli-2.479.3.jar:/home/alayne/.m2/repository/org/jenkins-ci/main/remoting/3261.v9c670a_4748a_9/remoting-3261.v9c670a_4748a_9.jar:/home/alayne/.m2/repository/args4j/args4j/2.37/args4j-2.37.jar:/home/alayne/.m2/repository/com/github/spotbugs/spotbugs-annotations/4.8.6/spotbugs-annotations-4.8.6.jar:/home/alayne/.m2/repository/com/google/guava/guava/33.3.0-jre/guava-33.3.0-jre.jar:/home/alayne/.m2/repository/com/google/guava/failureaccess/1.0.2/failureaccess-1.0.2.jar:/home/alayne/.m2/repository/com/google/guava/listenablefuture/9999.0-empty-to-avoid-conflict-with-guava/listenablefuture-9999.0-empty-to-avoid-conflict-with-guava.jar:/home/alayne/.m2/repository/com/google/code/findbugs/jsr305/3.0.1/jsr305-3.0.1.jar:/home/alayne/.m2/repository/com/google/inject/guice/6.0.0/guice-6.0.0.jar:/home/alayne/.m2/repository/javax/inject/javax.inject/1/javax.inject-1.jar:/home/alayne/.m2/repository/jakarta/inject/jakarta.inject-api/2.0.1/jakarta.inject-api-2.0.1.jar:/home/alayne/.m2/repository/com/infradna/tool/bridge-method-annotation/1.29/bridge-method-annotation-1.29.jar:/home/alayne/.m2/repository/com/jcraft/jzlib/1.1.3-kohsuke-1/jzlib-1.1.3-kohsuke-1.jar:/home/alayne/.m2/repository/com/sun/solaris/embedded_su4j/1.1/embedded_su4j-1.1.jar:/home/alayne/.m2/repository/com/sun/xml/txw2/txw2/20110809/txw2-20110809.jar:/home/alayne/.m2/repository/relaxngDatatype/relaxngDatatype/20020414/relaxngDatatype-20020414.jar:/home/alayne/.m2/repository/com/thoughtworks/xstream/xstream/1.4.21/xstream-1.4.21.jar:/home/alayne/.m2/repository/io/github/x-stream/mxparser/1.2.2/mxparser-1.2.2.jar:/home/alayne/.m2/repository/commons-beanutils/commons-beanutils/1.9.4/commons-beanutils-1.9.4.jar:/home/alayne/.m2/repository/commons-codec/commons-codec/1.17.1/commons-codec-1.17.1.jar:/home/alayne/.m2/repository/commons-collections/commons-collections/3.2.2/commons-collections-3.2.2.jar:/home/alayne/.m2/repository/commons-io/commons-io/2.17.0/commons-io-2.17.0.jar:/home/alayne/.m2/repository/commons-jelly/commons-jelly-tags-fmt/1.0/commons-jelly-tags-fmt-1.0.jar:/home/alayne/.m2/repository/commons-jelly/commons-jelly-tags-xml/1.1/commons-jelly-tags-xml-1.1.jar:/home/alayne/.m2/repository/commons-lang/commons-lang/2.6/commons-lang-2.6.jar:/home/alayne/.m2/repository/io/jenkins/stapler/jenkins-stapler-support/1.1/jenkins-stapler-support-1.1.jar:/home/alayne/.m2/repository/jakarta/servlet/jsp/jstl/jakarta.servlet.jsp.jstl-api/2.0.0/jakarta.servlet.jsp.jstl-api-2.0.0.jar:/home/alayne/.m2/repository/jaxen/jaxen/2.0.0/jaxen-2.0.0.jar:/home/alayne/.m2/repository/jline/jline/2.14.6/jline-2.14.6.jar:/home/alayne/.m2/repository/net/java/dev/jna/jna/5.15.0/jna-5.15.0.jar:/home/alayne/.m2/repository/net/java/sezpoz/sezpoz/1.13/sezpoz-1.13.jar:/home/alayne/.m2/repository/net/jcip/jcip-annotations/1.0/jcip-annotations-1.0.jar:/home/alayne/.m2/repository/org/antlr/antlr4-runtime/4.13.2/antlr4-runtime-4.13.2.jar:/home/alayne/.m2/repository/org/apache/ant/ant/1.10.15/ant-1.10.15.jar:/home/alayne/.m2/repository/org/apache/ant/ant-launcher/1.10.15/ant-launcher-1.10.15.jar:/home/alayne/.m2/repository/org/apache/commons/commons-compress/1.26.1/commons-compress-1.26.1.jar:/home/alayne/.m2/repository/org/apache/commons/commons-fileupload2-core/2.0.0-M2/commons-fileupload2-core-2.0.0-M2.jar:/home/alayne/.m2/repository/org/apache/commons/commons-fileupload2-jakarta-servlet5/2.0.0-M2/commons-fileupload2-jakarta-servlet5-2.0.0-M2.jar:/home/alayne/.m2/repository/org/codehaus/groovy/groovy-all/2.4.21/groovy-all-2.4.21.jar:/home/alayne/.m2/repository/org/connectbot/jbcrypt/1.0.2/jbcrypt-1.0.2.jar:/home/alayne/.m2/repository/org/fusesource/jansi/jansi/1.11/jansi-1.11.jar:/home/alayne/.m2/repository/org/jenkins-ci/annotation-indexer/1.17/annotation-indexer-1.17.jar:/home/alayne/.m2/repository/org/jenkins-ci/commons-jexl/1.1-jenkins-20111212/commons-jexl-1.1-jenkins-20111212.jar:/home/alayne/.m2/repository/org/jenkins-ci/crypto-util/1.9/crypto-util-1.9.jar:/home/alayne/.m2/repository/org/jenkins-ci/memory-monitor/1.12/memory-monitor-1.12.jar:/home/alayne/.m2/repository/org/jenkins-ci/symbol-annotation/1.24/symbol-annotation-1.24.jar:/home/alayne/.m2/repository/org/jenkins-ci/task-reactor/1.8/task-reactor-1.8.jar:/home/alayne/.m2/repository/org/jenkins-ci/version-number/1.11/version-number-1.11.jar:/home/alayne/.m2/repository/org/jenkins-ci/main/websocket-spi/2.479.3/websocket-spi-2.479.3.jar:/home/alayne/.m2/repository/org/jfree/jfreechart/1.0.19/jfreechart-1.0.19.jar:/home/alayne/.m2/repository/org/jfree/jcommon/1.0.23/jcommon-1.0.23.jar:/home/alayne/.m2/repository/org/jvnet/hudson/commons-jelly-tags-define/1.1-jenkins-20240903/commons-jelly-tags-define-1.1-jenkins-20240903.jar:/home/alayne/.m2/repository/org/jvnet/localizer/localizer/1.31/localizer-1.31.jar:/home/alayne/.m2/repository/org/jvnet/robust-http-client/robust-http-client/1.2/robust-http-client-1.2.jar:/home/alayne/.m2/repository/org/jvnet/winp/winp/1.31/winp-1.31.jar:/home/alayne/.m2/repository/org/kohsuke/access-modifier-annotation/1.33/access-modifier-annotation-1.33.jar:/home/alayne/.m2/repository/org/kohsuke/windows-package-checker/1.2/windows-package-checker-1.2.jar:/home/alayne/.m2/repository/org/kohsuke/jinterop/j-interop/2.0.8-kohsuke-1/j-interop-2.0.8-kohsuke-1.jar:/home/alayne/.m2/repository/org/kohsuke/jinterop/j-interopdeps/2.0.8-kohsuke-1/j-interopdeps-2.0.8-kohsuke-1.jar:/home/alayne/.m2/repository/org/samba/jcifs/jcifs/1.3.18-kohsuke-1/jcifs-1.3.18-kohsuke-1.jar:/home/alayne/.m2/repository/org/kohsuke/stapler/json-lib/2.4-jenkins-8/json-lib-2.4-jenkins-8.jar:/home/alayne/.m2/repository/org/kohsuke/stapler/stapler/1903.1905.ve5a_f469356f0/stapler-1903.1905.ve5a_f469356f0.jar:/home/alayne/.m2/repository/commons-discovery/commons-discovery/0.5/commons-discovery-0.5.jar:/home/alayne/.m2/repository/jakarta/annotation/jakarta.annotation-api/3.0.0/jakarta.annotation-api-3.0.0.jar:/home/alayne/.m2/repository/javax/annotation/javax.annotation-api/1.3.2/javax.annotation-api-1.3.2.jar:/home/alayne/.m2/repository/org/eclipse/jetty/toolchain/jetty-servlet-api/4.0.6/jetty-servlet-api-4.0.6.jar:/home/alayne/.m2/repository/org/jvnet/tiger-types/2.2/tiger-types-2.2.jar:/home/alayne/.m2/repository/org/kohsuke/stapler/stapler-adjunct-codemirror/1.3/stapler-adjunct-codemirror-1.3.jar:/home/alayne/.m2/repository/org/kohsuke/stapler/stapler-groovy/1903.1905.ve5a_f469356f0/stapler-groovy-1903.1905.ve5a_f469356f0.jar:/home/alayne/.m2/repository/org/kohsuke/stapler/stapler-jelly/1903.1905.ve5a_f469356f0/stapler-jelly-1903.1905.ve5a_f469356f0.jar:/home/alayne/.m2/repository/org/dom4j/dom4j/2.1.4/dom4j-2.1.4.jar:/home/alayne/.m2/repository/org/jenkins-ci/commons-jelly/1.1-jenkins-20240903/commons-jelly-1.1-jenkins-20240903.jar:/home/alayne/.m2/repository/org/slf4j/jcl-over-slf4j/2.0.16/jcl-over-slf4j-2.0.16.jar:/home/alayne/.m2/repository/org/slf4j/slf4j-api/2.0.16/slf4j-api-2.0.16.jar:/home/alayne/.m2/repository/org/slf4j/log4j-over-slf4j/2.0.16/log4j-over-slf4j-2.0.16.jar:/home/alayne/.m2/repository/org/springframework/security/spring-security-web/6.3.4/spring-security-web-6.3.4.jar:/home/alayne/.m2/repository/org/springframework/security/spring-security-core/6.3.4/spring-security-core-6.3.4.jar:/home/alayne/.m2/repository/org/springframework/security/spring-security-crypto/6.3.4/spring-security-crypto-6.3.4.jar:/home/alayne/.m2/repository/org/springframework/spring-core/6.1.14/spring-core-6.1.14.jar:/home/alayne/.m2/repository/org/springframework/spring-aop/6.1.14/spring-aop-6.1.14.jar:/home/alayne/.m2/repository/org/springframework/spring-beans/6.1.14/spring-beans-6.1.14.jar:/home/alayne/.m2/repository/org/springframework/spring-context/6.1.14/spring-context-6.1.14.jar:/home/alayne/.m2/repository/org/springframework/spring-expression/6.1.14/spring-expression-6.1.14.jar:/home/alayne/.m2/repository/org/springframework/spring-web/6.1.14/spring-web-6.1.14.jar:/home/alayne/.m2/repository/xpp3/xpp3/1.1.4c/xpp3-1.1.4c.jar:/home/alayne/.m2/repository/org/jenkins-ci/main/jenkins-war/2.479.3/jenkins-war-2.479.3.war:/home/alayne/.m2/repository/org/jenkins-ci/main/websocket-jetty12-ee9/2.479.3/websocket-jetty12-ee9-2.479.3.jar:/home/alayne/.m2/repository/org/slf4j/slf4j-jdk14/2.0.16/slf4j-jdk14-2.0.16.jar:/home/alayne/.m2/repository/jakarta/servlet/jakarta.servlet-api/5.0.0/jakarta.servlet-api-5.0.0.jar:/home/alayne/.m2/repository/commons-logging/commons-logging/1.3.4/commons-logging-1.3.4.jar:/home/alayne/.m2/repository/org/jenkins-ci/main/jenkins-test-harness/2462.v7cd38b_7a_361b_/jenkins-test-harness-2462.v7cd38b_7a_361b_.jar:/home/alayne/.m2/repository/io/jenkins/lib/support-log-formatter/1.3/support-log-formatter-1.3.jar:/home/alayne/.m2/repository/org/eclipse/jetty/jetty-security/12.0.22/jetty-security-12.0.22.jar:/home/alayne/.m2/repository/org/eclipse/jetty/jetty-server/12.0.22/jetty-server-12.0.22.jar:/home/alayne/.m2/repository/org/eclipse/jetty/jetty-http/12.0.22/jetty-http-12.0.22.jar:/home/alayne/.m2/repository/org/eclipse/jetty/jetty-io/12.0.22/jetty-io-12.0.22.jar:/home/alayne/.m2/repository/org/eclipse/jetty/ee10/jetty-ee10-webapp/12.0.22/jetty-ee10-webapp-12.0.22.jar:/home/alayne/.m2/repository/org/eclipse/jetty/jetty-ee/12.0.22/jetty-ee-12.0.22.jar:/home/alayne/.m2/repository/org/eclipse/jetty/jetty-session/12.0.22/jetty-session-12.0.22.jar:/home/alayne/.m2/repository/org/eclipse/jetty/jetty-xml/12.0.22/jetty-xml-12.0.22.jar:/home/alayne/.m2/repository/org/eclipse/jetty/jetty-util/12.0.22/jetty-util-12.0.22.jar:/home/alayne/.m2/repository/org/eclipse/jetty/ee10/jetty-ee10-servlet/12.0.22/jetty-ee10-servlet-12.0.22.jar:/home/alayne/.m2/repository/org/eclipse/jetty/ee10/websocket/jetty-ee10-websocket-jetty-server/12.0.22/jetty-ee10-websocket-jetty-server-12.0.22.jar:/home/alayne/.m2/repository/org/eclipse/jetty/ee10/websocket/jetty-ee10-websocket-servlet/12.0.22/jetty-ee10-websocket-servlet-12.0.22.jar:/home/alayne/.m2/repository/org/eclipse/jetty/websocket/jetty-websocket-core-server/12.0.22/jetty-websocket-core-server-12.0.22.jar:/home/alayne/.m2/repository/org/eclipse/jetty/websocket/jetty-websocket-jetty-api/12.0.22/jetty-websocket-jetty-api-12.0.22.jar:/home/alayne/.m2/repository/org/eclipse/jetty/websocket/jetty-websocket-jetty-common/12.0.22/jetty-websocket-jetty-common-12.0.22.jar:/home/alayne/.m2/repository/org/eclipse/jetty/websocket/jetty-websocket-core-common/12.0.22/jetty-websocket-core-common-12.0.22.jar:/home/alayne/.m2/repository/org/eclipse/jetty/ee9/jetty-ee9-webapp/12.0.22/jetty-ee9-webapp-12.0.22.jar:/home/alayne/.m2/repository/org/eclipse/jetty/ee9/jetty-ee9-servlet/12.0.22/jetty-ee9-servlet-12.0.22.jar:/home/alayne/.m2/repository/org/eclipse/jetty/ee9/jetty-ee9-nested/12.0.22/jetty-ee9-nested-12.0.22.jar:/home/alayne/.m2/repository/org/eclipse/jetty/ee9/jetty-ee9-security/12.0.22/jetty-ee9-security-12.0.22.jar:/home/alayne/.m2/repository/org/eclipse/jetty/ee9/websocket/jetty-ee9-websocket-jetty-server/12.0.22/jetty-ee9-websocket-jetty-server-12.0.22.jar:/home/alayne/.m2/repository/org/eclipse/jetty/ee9/websocket/jetty-ee9-websocket-jetty-api/12.0.22/jetty-ee9-websocket-jetty-api-12.0.22.jar:/home/alayne/.m2/repository/org/eclipse/jetty/ee9/websocket/jetty-ee9-websocket-jetty-common/12.0.22/jetty-ee9-websocket-jetty-common-12.0.22.jar:/home/alayne/.m2/repository/org/eclipse/jetty/ee9/websocket/jetty-ee9-websocket-servlet/12.0.22/jetty-ee9-websocket-servlet-12.0.22.jar:/home/alayne/.m2/repository/org/hamcrest/hamcrest/3.0/hamcrest-3.0.jar:/home/alayne/.m2/repository/org/jenkins-ci/main/jenkins-test-harness-htmlunit/208.v18783fd22fca_/jenkins-test-harness-htmlunit-208.v18783fd22fca_.jar:/home/alayne/.m2/repository/io/jenkins/test/fips/fips-bundle-test/27.va_f689db_8c5ea_/fips-bundle-test-27.va_f689db_8c5ea_.jar:/home/alayne/.m2/repository/org/kohsuke/metainf-services/metainf-services/1.11/metainf-services-1.11.jar:/home/alayne/.m2/repository/org/junit/jupiter/junit-jupiter-api/5.13.2/junit-jupiter-api-5.13.2.jar:/home/alayne/.m2/repository/org/opentest4j/opentest4j/1.3.0/opentest4j-1.3.0.jar:/home/alayne/.m2/repository/org/junit/platform/junit-platform-commons/1.13.2/junit-platform-commons-1.13.2.jar:/home/alayne/.m2/repository/org/netbeans/modules/org-netbeans-insane/RELEASE200/org-netbeans-insane-RELEASE200.jar:/home/alayne/.m2/repository/org/openjdk/jmh/jmh-core/1.37/jmh-core-1.37.jar:/home/alayne/.m2/repository/net/sf/jopt-simple/jopt-simple/5.0.4/jopt-simple-5.0.4.jar:/home/alayne/.m2/repository/org/apache/commons/commons-math3/3.6.1/commons-math3-3.6.1.jar:/home/alayne/.m2/repository/org/openjdk/jmh/jmh-generator-annprocess/1.37/jmh-generator-annprocess-1.37.jar:/home/alayne/.m2/repository/org/jenkins-ci/test-annotations/1.5/test-annotations-1.5.jar:/home/alayne/.m2/repository/org/junit/jupiter/junit-jupiter/5.13.2/junit-jupiter-5.13.2.jar:/home/alayne/.m2/repository/org/junit/jupiter/junit-jupiter-params/5.13.2/junit-jupiter-params-5.13.2.jar:/home/alayne/.m2/repository/org/junit/jupiter/junit-jupiter-engine/5.13.2/junit-jupiter-engine-5.13.2.jar:/home/alayne/.m2/repository/org/junit/vintage/junit-vintage-engine/5.13.2/junit-vintage-engine-5.13.2.jar:/home/alayne/.m2/repository/org/junit/platform/junit-platform-engine/1.13.2/junit-platform-engine-1.13.2.jar:/home/alayne/.m2/repository/org/apiguardian/apiguardian-api/1.1.2/apiguardian-api-1.1.2.jar:"/>
    <property name="java.vm.vendor" value="Red Hat, Inc."/>
    <property name="sun.arch.data.model" value="64"/>
    <property name="java.vendor.url" value="https://www.redhat.com/"/>
    <property name="user.timezone" value="US/Eastern"/>
    <property name="os.name" value="Linux"/>
    <property name="java.vm.specification.version" value="21"/>
    <property name="user.country" value="US"/>
    <property name="sun.java.launcher" value="SUN_STANDARD"/>
    <property name="sun.boot.library.path" value="/usr/lib/jvm/java-21-openjdk/lib"/>
    <property name="sun.java.command" value="/home/alayne/repos/projects/jenkins-plugin/target/surefire/surefirebooter-20250826130422524_3.jar /home/alayne/repos/projects/jenkins-plugin/target/surefire 2025-08-26T13-04-22_088-jvmRun1 surefire-20250826130422524_1tmp surefire_0-20250826130422524_2tmp"/>
    <property name="jdk.debug" value="release"/>
    <property name="surefire.test.class.path" value="/home/alayne/repos/projects/jenkins-plugin/target/test-classes:/home/alayne/repos/projects/jenkins-plugin/target/classes:/home/alayne/.m2/repository/junit/junit/4.13.2/junit-4.13.2.jar:/home/alayne/.m2/repository/org/hamcrest/hamcrest-core/3.0/hamcrest-core-3.0.jar:/home/alayne/.m2/repository/org/jenkins-ci/plugins/workflow/workflow-basic-steps/1079.vce64b_a_929c5a_/workflow-basic-steps-1079.vce64b_a_929c5a_.jar:/home/alayne/.m2/repository/io/jenkins/plugins/jakarta-mail-api/2.1.3-2/jakarta-mail-api-2.1.3-2.jar:/home/alayne/.m2/repository/io/jenkins/plugins/jakarta-activation-api/2.1.3-2/jakarta-activation-api-2.1.3-2.jar:/home/alayne/.m2/repository/jakarta/activation/jakarta.activation-api/2.1.3/jakarta.activation-api-2.1.3.jar:/home/alayne/.m2/repository/org/eclipse/angus/angus-activation/2.0.2/angus-activation-2.0.2.jar:/home/alayne/.m2/repository/jakarta/mail/jakarta.mail-api/2.1.3/jakarta.mail-api-2.1.3.jar:/home/alayne/.m2/repository/org/eclipse/angus/angus-mail/2.0.3/angus-mail-2.0.3.jar:/home/alayne/.m2/repository/org/jenkins-ci/plugins/workflow/workflow-step-api/704.ve4f0967e98fa_/workflow-step-api-704.ve4f0967e98fa_.jar:/home/alayne/.m2/repository/org/jenkins-ci/plugins/mailer/489.vd4b_25144138f/mailer-489.vd4b_25144138f.jar:/home/alayne/.m2/repository/org/jenkins-ci/plugins/display-url-api/2.209.v582ed814ff2f/display-url-api-2.209.v582ed814ff2f.jar:/home/alayne/.m2/repository/org/jenkins-ci/modules/instance-identity/203.v15e81a_1b_7a_38/instance-identity-203.v15e81a_1b_7a_38.jar:/home/alayne/.m2/repository/org/jenkins-ci/plugins/bouncycastle-api/2.30.1.80-261.v00c0e2618ec3/bouncycastle-api-2.30.1.80-261.v00c0e2618ec3.jar:/home/alayne/.m2/repository/org/bouncycastle/bcpg-jdk18on/1.80/bcpg-jdk18on-1.80.jar:/home/alayne/.m2/repository/org/bouncycastle/bcpkix-jdk18on/1.80/bcpkix-jdk18on-1.80.jar:/home/alayne/.m2/repository/org/bouncycastle/bcprov-jdk18on/1.80/bcprov-jdk18on-1.80.jar:/home/alayne/.m2/repository/org/bouncycastle/bcutil-jdk18on/1.80/bcutil-jdk18on-1.80.jar:/home/alayne/.m2/repository/org/jenkins-ci/plugins/workflow/workflow-api/1373.v7b_813f10efa_b_/workflow-api-1373.v7b_813f10efa_b_.jar:/home/alayne/.m2/repository/org/jenkins-ci/plugins/structs/350.v3b_30f09f2363/structs-350.v3b_30f09f2363.jar:/home/alayne/.m2/repository/org/jenkins-ci/plugins/apache-httpcomponents-client-4-api/4.5.14-269.vfa_2321039a_83/apache-httpcomponents-client-4-api-4.5.14-269.vfa_2321039a_83.jar:/home/alayne/.m2/repository/org/apache/httpcomponents/fluent-hc/4.5.14/fluent-hc-4.5.14.jar:/home/alayne/.m2/repository/org/apache/httpcomponents/httpasyncclient/4.1.5/httpasyncclient-4.1.5.jar:/home/alayne/.m2/repository/org/apache/httpcomponents/httpasyncclient-cache/4.1.5/httpasyncclient-cache-4.1.5.jar:/home/alayne/.m2/repository/org/apache/httpcomponents/httpclient/4.5.14/httpclient-4.5.14.jar:/home/alayne/.m2/repository/org/apache/httpcomponents/httpclient-cache/4.5.14/httpclient-cache-4.5.14.jar:/home/alayne/.m2/repository/org/apache/httpcomponents/httpcore/4.4.16/httpcore-4.4.16.jar:/home/alayne/.m2/repository/org/apache/httpcomponents/httpcore-nio/4.4.16/httpcore-nio-4.4.16.jar:/home/alayne/.m2/repository/org/apache/httpcomponents/httpmime/4.5.14/httpmime-4.5.14.jar:/home/alayne/.m2/repository/org/jenkins-ci/plugins/workflow/workflow-cps/4151.v5406e29e3c90/workflow-cps-4151.v5406e29e3c90.jar:/home/alayne/.m2/repository/io/jenkins/plugins/ionicons-api/88.va_4187cb_eddf1/ionicons-api-88.va_4187cb_eddf1.jar:/home/alayne/.m2/repository/org/jenkins-ci/plugins/workflow/workflow-support/968.v8f17397e87b_8/workflow-support-968.v8f17397e87b_8.jar:/home/alayne/.m2/repository/io/jenkins/plugins/caffeine-api/3.2.0-166.v72a_6d74b_870f/caffeine-api-3.2.0-166.v72a_6d74b_870f.jar:/home/alayne/.m2/repository/com/github/ben-manes/caffeine/caffeine/3.2.0/caffeine-3.2.0.jar:/home/alayne/.m2/repository/org/jboss/marshalling/jboss-marshalling-river/2.2.2.Final/jboss-marshalling-river-2.2.2.Final.jar:/home/alayne/.m2/repository/org/jboss/marshalling/jboss-marshalling/2.2.2.Final/jboss-marshalling-2.2.2.Final.jar:/home/alayne/.m2/repository/org/jenkins-ci/plugins/workflow/workflow-scm-step/437.v05a_f66b_e5ef8/workflow-scm-step-437.v05a_f66b_e5ef8.jar:/home/alayne/.m2/repository/org/jenkins-ci/plugins/script-security/1373.vb_b_4a_a_c26fa_00/script-security-1373.vb_b_4a_a_c26fa_00.jar:/home/alayne/.m2/repository/org/kohsuke/groovy-sandbox/1.34/groovy-sandbox-1.34.jar:/home/alayne/.m2/repository/org/jenkins-ci/plugins/scm-api/704.v3ce5c542825a_/scm-api-704.v3ce5c542825a_.jar:/home/alayne/.m2/repository/io/jenkins/plugins/asm-api/9.8-135.vb_2239d08ee90/asm-api-9.8-135.vb_2239d08ee90.jar:/home/alayne/.m2/repository/org/ow2/asm/asm/9.7.1/asm-9.7.1.jar:/home/alayne/.m2/repository/org/ow2/asm/asm-analysis/9.8/asm-analysis-9.8.jar:/home/alayne/.m2/repository/org/ow2/asm/asm-commons/9.8/asm-commons-9.8.jar:/home/alayne/.m2/repository/org/ow2/asm/asm-tree/9.8/asm-tree-9.8.jar:/home/alayne/.m2/repository/org/ow2/asm/asm-util/9.8/asm-util-9.8.jar:/home/alayne/.m2/repository/com/cloudbees/groovy-cps/4151.v5406e29e3c90/groovy-cps-4151.v5406e29e3c90.jar:/home/alayne/.m2/repository/com/cloudbees/diff4j/1.3/diff4j-1.3.jar:/home/alayne/.m2/repository/org/jenkins-ci/plugins/workflow/workflow-durable-task-step/1434.v1b_595c29ddd7/workflow-durable-task-step-1434.v1b_595c29ddd7.jar:/home/alayne/.m2/repository/org/jenkins-ci/plugins/durable-task/587.v84b_877235b_45/durable-task-587.v84b_877235b_45.jar:/home/alayne/.m2/repository/io/jenkins/plugins/lib-durable-task/48.v72b_86b_9ca_8e1/lib-durable-task-48.v72b_86b_9ca_8e1.jar:/home/alayne/.m2/repository/org/jenkins-ci/plugins/workflow/workflow-job/1540.v295eccc9778f/workflow-job-1540.v295eccc9778f.jar:/home/alayne/.m2/repository/org/mockito/mockito-core/5.19.0/mockito-core-5.19.0.jar:/home/alayne/.m2/repository/net/bytebuddy/byte-buddy/1.17.6/byte-buddy-1.17.6.jar:/home/alayne/.m2/repository/net/bytebuddy/byte-buddy-agent/1.17.6/byte-buddy-agent-1.17.6.jar:/home/alayne/.m2/repository/org/objenesis/objenesis/3.3/objenesis-3.3.jar:/home/alayne/.m2/repository/org/jenkins-ci/main/jenkins-core/2.479.3/jenkins-core-2.479.3.jar:/home/alayne/.m2/repository/org/jenkins-ci/main/cli/2.479.3/cli-2.479.3.jar:/home/alayne/.m2/repository/org/jenkins-ci/main/remoting/3261.v9c670a_4748a_9/remoting-3261.v9c670a_4748a_9.jar:/home/alayne/.m2/repository/args4j/args4j/2.37/args4j-2.37.jar:/home/alayne/.m2/repository/com/github/spotbugs/spotbugs-annotations/4.8.6/spotbugs-annotations-4.8.6.jar:/home/alayne/.m2/repository/com/google/guava/guava/33.3.0-jre/guava-33.3.0-jre.jar:/home/alayne/.m2/repository/com/google/guava/failureaccess/1.0.2/failureaccess-1.0.2.jar:/home/alayne/.m2/repository/com/google/guava/listenablefuture/9999.0-empty-to-avoid-conflict-with-guava/listenablefuture-9999.0-empty-to-avoid-conflict-with-guava.jar:/home/alayne/.m2/repository/com/google/code/findbugs/jsr305/3.0.1/jsr305-3.0.1.jar:/home/alayne/.m2/repository/com/google/inject/guice/6.0.0/guice-6.0.0.jar:/home/alayne/.m2/repository/javax/inject/javax.inject/1/javax.inject-1.jar:/home/alayne/.m2/repository/jakarta/inject/jakarta.inject-api/2.0.1/jakarta.inject-api-2.0.1.jar:/home/alayne/.m2/repository/com/infradna/tool/bridge-method-annotation/1.29/bridge-method-annotation-1.29.jar:/home/alayne/.m2/repository/com/jcraft/jzlib/1.1.3-kohsuke-1/jzlib-1.1.3-kohsuke-1.jar:/home/alayne/.m2/repository/com/sun/solaris/embedded_su4j/1.1/embedded_su4j-1.1.jar:/home/alayne/.m2/repository/com/sun/xml/txw2/txw2/20110809/txw2-20110809.jar:/home/alayne/.m2/repository/relaxngDatatype/relaxngDatatype/20020414/relaxngDatatype-20020414.jar:/home/alayne/.m2/repository/com/thoughtworks/xstream/xstream/1.4.21/xstream-1.4.21.jar:/home/alayne/.m2/repository/io/github/x-stream/mxparser/1.2.2/mxparser-1.2.2.jar:/home/alayne/.m2/repository/commons-beanutils/commons-beanutils/1.9.4/commons-beanutils-1.9.4.jar:/home/alayne/.m2/repository/commons-codec/commons-codec/1.17.1/commons-codec-1.17.1.jar:/home/alayne/.m2/repository/commons-collections/commons-collections/3.2.2/commons-collections-3.2.2.jar:/home/alayne/.m2/repository/commons-io/commons-io/2.17.0/commons-io-2.17.0.jar:/home/alayne/.m2/repository/commons-jelly/commons-jelly-tags-fmt/1.0/commons-jelly-tags-fmt-1.0.jar:/home/alayne/.m2/repository/commons-jelly/commons-jelly-tags-xml/1.1/commons-jelly-tags-xml-1.1.jar:/home/alayne/.m2/repository/commons-lang/commons-lang/2.6/commons-lang-2.6.jar:/home/alayne/.m2/repository/io/jenkins/stapler/jenkins-stapler-support/1.1/jenkins-stapler-support-1.1.jar:/home/alayne/.m2/repository/jakarta/servlet/jsp/jstl/jakarta.servlet.jsp.jstl-api/2.0.0/jakarta.servlet.jsp.jstl-api-2.0.0.jar:/home/alayne/.m2/repository/jaxen/jaxen/2.0.0/jaxen-2.0.0.jar:/home/alayne/.m2/repository/jline/jline/2.14.6/jline-2.14.6.jar:/home/alayne/.m2/repository/net/java/dev/jna/jna/5.15.0/jna-5.15.0.jar:/home/alayne/.m2/repository/net/java/sezpoz/sezpoz/1.13/sezpoz-1.13.jar:/home/alayne/.m2/repository/net/jcip/jcip-annotations/1.0/jcip-annotations-1.0.jar:/home/alayne/.m2/repository/org/antlr/antlr4-runtime/4.13.2/antlr4-runtime-4.13.2.jar:/home/alayne/.m2/repository/org/apache/ant/ant/1.10.15/ant-1.10.15.jar:/home/alayne/.m2/repository/org/apache/ant/ant-launcher/1.10.15/ant-launcher-1.10.15.jar:/home/alayne/.m2/repository/org/apache/commons/commons-compress/1.26.1/commons-compress-1.26.1.jar:/home/alayne/.m2/repository/org/apache/commons/commons-fileupload2-core/2.0.0-M2/commons-fileupload2-core-2.0.0-M2.jar:/home/alayne/.m2/repository/org/apache/commons/commons-fileupload2-jakarta-servlet5/2.0.0-M2/commons-fileupload2-jakarta-servlet5-2.0.0-M2.jar:/home/alayne/.m2/repository/org/codehaus/groovy/groovy-all/2.4.21/groovy-all-2.4.21.jar:/home/alayne/.m2/repository/org/connectbot/jbcrypt/1.0.2/jbcrypt-1.0.2.jar:/home/alayne/.m2/repository/org/fusesource/jansi/jansi/1.11/jansi-1.11.jar:/home/alayne/.m2/repository/org/jenkins-ci/annotation-indexer/1.17/annotation-indexer-1.17.jar:/home/alayne/.m2/repository/org/jenkins-ci/commons-jexl/1.1-jenkins-20111212/commons-jexl-1.1-jenkins-20111212.jar:/home/alayne/.m2/repository/org/jenkins-ci/crypto-util/1.9/crypto-util-1.9.jar:/home/alayne/.m2/repository/org/jenkins-ci/memory-monitor/1.12/memory-monitor-1.12.jar:/home/alayne/.m2/repository/org/jenkins-ci/symbol-annotation/1.24/symbol-annotation-1.24.jar:/home/alayne/.m2/repository/org/jenkins-ci/task-reactor/1.8/task-reactor-1.8.jar:/home/alayne/.m2/repository/org/jenkins-ci/version-number/1.11/version-number-1.11.jar:/home/alayne/.m2/repository/org/jenkins-ci/main/websocket-spi/2.479.3/websocket-spi-2.479.3.jar:/home/alayne/.m2/repository/org/jfree/jfreechart/1.0.19/jfreechart-1.0.19.jar:/home/alayne/.m2/repository/org/jfree/jcommon/1.0.23/jcommon-1.0.23.jar:/home/alayne/.m2/repository/org/jvnet/hudson/commons-jelly-tags-define/1.1-jenkins-20240903/commons-jelly-tags-define-1.1-jenkins-20240903.jar:/home/alayne/.m2/repository/org/jvnet/localizer/localizer/1.31/localizer-1.31.jar:/home/alayne/.m2/repository/org/jvnet/robust-http-client/robust-http-client/1.2/robust-http-client-1.2.jar:/home/alayne/.m2/repository/org/jvnet/winp/winp/1.31/winp-1.31.jar:/home/alayne/.m2/repository/org/kohsuke/access-modifier-annotation/1.33/access-modifier-annotation-1.33.jar:/home/alayne/.m2/repository/org/kohsuke/windows-package-checker/1.2/windows-package-checker-1.2.jar:/home/alayne/.m2/repository/org/kohsuke/jinterop/j-interop/2.0.8-kohsuke-1/j-interop-2.0.8-kohsuke-1.jar:/home/alayne/.m2/repository/org/kohsuke/jinterop/j-interopdeps/2.0.8-kohsuke-1/j-interopdeps-2.0.8-kohsuke-1.jar:/home/alayne/.m2/repository/org/samba/jcifs/jcifs/1.3.18-kohsuke-1/jcifs-1.3.18-kohsuke-1.jar:/home/alayne/.m2/repository/org/kohsuke/stapler/json-lib/2.4-jenkins-8/json-lib-2.4-jenkins-8.jar:/home/alayne/.m2/repository/org/kohsuke/stapler/stapler/1903.1905.ve5a_f469356f0/stapler-1903.1905.ve5a_f469356f0.jar:/home/alayne/.m2/repository/commons-discovery/commons-discovery/0.5/commons-discovery-0.5.jar:/home/alayne/.m2/repository/jakarta/annotation/jakarta.annotation-api/3.0.0/jakarta.annotation-api-3.0.0.jar:/home/alayne/.m2/repository/javax/annotation/javax.annotation-api/1.3.2/javax.annotation-api-1.3.2.jar:/home/alayne/.m2/repository/org/eclipse/jetty/toolchain/jetty-servlet-api/4.0.6/jetty-servlet-api-4.0.6.jar:/home/alayne/.m2/repository/org/jvnet/tiger-types/2.2/tiger-types-2.2.jar:/home/alayne/.m2/repository/org/kohsuke/stapler/stapler-adjunct-codemirror/1.3/stapler-adjunct-codemirror-1.3.jar:/home/alayne/.m2/repository/org/kohsuke/stapler/stapler-groovy/1903.1905.ve5a_f469356f0/stapler-groovy-1903.1905.ve5a_f469356f0.jar:/home/alayne/.m2/repository/org/kohsuke/stapler/stapler-jelly/1903.1905.ve5a_f469356f0/stapler-jelly-1903.1905.ve5a_f469356f0.jar:/home/alayne/.m2/repository/org/dom4j/dom4j/2.1.4/dom4j-2.1.4.jar:/home/alayne/.m2/repository/org/jenkins-ci/commons-jelly/1.1-jenkins-20240903/commons-jelly-1.1-jenkins-20240903.jar:/home/alayne/.m2/repository/org/slf4j/jcl-over-slf4j/2.0.16/jcl-over-slf4j-2.0.16.jar:/home/alayne/.m2/repository/org/slf4j/slf4j-api/2.0.16/slf4j-api-2.0.16.jar:/home/alayne/.m2/repository/org/slf4j/log4j-over-slf4j/2.0.16/log4j-over-slf4j-2.0.16.jar:/home/alayne/.m2/repository/org/springframework/security/spring-security-web/6.3.4/spring-security-web-6.3.4.jar:/home/alayne/.m2/repository/org/springframework/security/spring-security-core/6.3.4/spring-security-core-6.3.4.jar:/home/alayne/.m2/repository/org/springframework/security/spring-security-crypto/6.3.4/spring-security-crypto-6.3.4.jar:/home/alayne/.m2/repository/org/springframework/spring-core/6.1.14/spring-core-6.1.14.jar:/home/alayne/.m2/repository/org/springframework/spring-aop/6.1.14/spring-aop-6.1.14.jar:/home/alayne/.m2/repository/org/springframework/spring-beans/6.1.14/spring-beans-6.1.14.jar:/home/alayne/.m2/repository/org/springframework/spring-context/6.1.14/spring-context-6.1.14.jar:/home/alayne/.m2/repository/org/springframework/spring-expression/6.1.14/spring-expression-6.1.14.jar:/home/alayne/.m2/repository/org/springframework/spring-web/6.1.14/spring-web-6.1.14.jar:/home/alayne/.m2/repository/xpp3/xpp3/1.1.4c/xpp3-1.1.4c.jar:/home/alayne/.m2/repository/org/jenkins-ci/main/jenkins-war/2.479.3/jenkins-war-2.479.3.war:/home/alayne/.m2/repository/org/jenkins-ci/main/websocket-jetty12-ee9/2.479.3/websocket-jetty12-ee9-2.479.3.jar:/home/alayne/.m2/repository/org/slf4j/slf4j-jdk14/2.0.16/slf4j-jdk14-2.0.16.jar:/home/alayne/.m2/repository/jakarta/servlet/jakarta.servlet-api/5.0.0/jakarta.servlet-api-5.0.0.jar:/home/alayne/.m2/repository/commons-logging/commons-logging/1.3.4/commons-logging-1.3.4.jar:/home/alayne/.m2/repository/org/jenkins-ci/main/jenkins-test-harness/2462.v7cd38b_7a_361b_/jenkins-test-harness-2462.v7cd38b_7a_361b_.jar:/home/alayne/.m2/repository/io/jenkins/lib/support-log-formatter/1.3/support-log-formatter-1.3.jar:/home/alayne/.m2/repository/org/eclipse/jetty/jetty-security/12.0.22/jetty-security-12.0.22.jar:/home/alayne/.m2/repository/org/eclipse/jetty/jetty-server/12.0.22/jetty-server-12.0.22.jar:/home/alayne/.m2/repository/org/eclipse/jetty/jetty-http/12.0.22/jetty-http-12.0.22.jar:/home/alayne/.m2/repository/org/eclipse/jetty/jetty-io/12.0.22/jetty-io-12.0.22.jar:/home/alayne/.m2/repository/org/eclipse/jetty/ee10/jetty-ee10-webapp/12.0.22/jetty-ee10-webapp-12.0.22.jar:/home/alayne/.m2/repository/org/eclipse/jetty/jetty-ee/12.0.22/jetty-ee-12.0.22.jar:/home/alayne/.m2/repository/org/eclipse/jetty/jetty-session/12.0.22/jetty-session-12.0.22.jar:/home/alayne/.m2/repository/org/eclipse/jetty/jetty-xml/12.0.22/jetty-xml-12.0.22.jar:/home/alayne/.m2/repository/org/eclipse/jetty/jetty-util/12.0.22/jetty-util-12.0.22.jar:/home/alayne/.m2/repository/org/eclipse/jetty/ee10/jetty-ee10-servlet/12.0.22/jetty-ee10-servlet-12.0.22.jar:/home/alayne/.m2/repository/org/eclipse/jetty/ee10/websocket/jetty-ee10-websocket-jetty-server/12.0.22/jetty-ee10-websocket-jetty-server-12.0.22.jar:/home/alayne/.m2/repository/org/eclipse/jetty/ee10/websocket/jetty-ee10-websocket-servlet/12.0.22/jetty-ee10-websocket-servlet-12.0.22.jar:/home/alayne/.m2/repository/org/eclipse/jetty/websocket/jetty-websocket-core-server/12.0.22/jetty-websocket-core-server-12.0.22.jar:/home/alayne/.m2/repository/org/eclipse/jetty/websocket/jetty-websocket-jetty-api/12.0.22/jetty-websocket-jetty-api-12.0.22.jar:/home/alayne/.m2/repository/org/eclipse/jetty/websocket/jetty-websocket-jetty-common/12.0.22/jetty-websocket-jetty-common-12.0.22.jar:/home/alayne/.m2/repository/org/eclipse/jetty/websocket/jetty-websocket-core-common/12.0.22/jetty-websocket-core-common-12.0.22.jar:/home/alayne/.m2/repository/org/eclipse/jetty/ee9/jetty-ee9-webapp/12.0.22/jetty-ee9-webapp-12.0.22.jar:/home/alayne/.m2/repository/org/eclipse/jetty/ee9/jetty-ee9-servlet/12.0.22/jetty-ee9-servlet-12.0.22.jar:/home/alayne/.m2/repository/org/eclipse/jetty/ee9/jetty-ee9-nested/12.0.22/jetty-ee9-nested-12.0.22.jar:/home/alayne/.m2/repository/org/eclipse/jetty/ee9/jetty-ee9-security/12.0.22/jetty-ee9-security-12.0.22.jar:/home/alayne/.m2/repository/org/eclipse/jetty/ee9/websocket/jetty-ee9-websocket-jetty-server/12.0.22/jetty-ee9-websocket-jetty-server-12.0.22.jar:/home/alayne/.m2/repository/org/eclipse/jetty/ee9/websocket/jetty-ee9-websocket-jetty-api/12.0.22/jetty-ee9-websocket-jetty-api-12.0.22.jar:/home/alayne/.m2/repository/org/eclipse/jetty/ee9/websocket/jetty-ee9-websocket-jetty-common/12.0.22/jetty-ee9-websocket-jetty-common-12.0.22.jar:/home/alayne/.m2/repository/org/eclipse/jetty/ee9/websocket/jetty-ee9-websocket-servlet/12.0.22/jetty-ee9-websocket-servlet-12.0.22.jar:/home/alayne/.m2/repository/org/hamcrest/hamcrest/3.0/hamcrest-3.0.jar:/home/alayne/.m2/repository/org/jenkins-ci/main/jenkins-test-harness-htmlunit/208.v18783fd22fca_/jenkins-test-harness-htmlunit-208.v18783fd22fca_.jar:/home/alayne/.m2/repository/io/jenkins/test/fips/fips-bundle-test/27.va_f689db_8c5ea_/fips-bundle-test-27.va_f689db_8c5ea_.jar:/home/alayne/.m2/repository/org/kohsuke/metainf-services/metainf-services/1.11/metainf-services-1.11.jar:/home/alayne/.m2/repository/org/junit/jupiter/junit-jupiter-api/5.13.2/junit-jupiter-api-5.13.2.jar:/home/alayne/.m2/repository/org/opentest4j/opentest4j/1.3.0/opentest4j-1.3.0.jar:/home/alayne/.m2/repository/org/junit/platform/junit-platform-commons/1.13.2/junit-platform-commons-1.13.2.jar:/home/alayne/.m2/repository/org/netbeans/modules/org-netbeans-insane/RELEASE200/org-netbeans-insane-RELEASE200.jar:/home/alayne/.m2/repository/org/openjdk/jmh/jmh-core/1.37/jmh-core-1.37.jar:/home/alayne/.m2/repository/net/sf/jopt-simple/jopt-simple/5.0.4/jopt-simple-5.0.4.jar:/home/alayne/.m2/repository/org/apache/commons/commons-math3/3.6.1/commons-math3-3.6.1.jar:/home/alayne/.m2/repository/org/openjdk/jmh/jmh-generator-annprocess/1.37/jmh-generator-annprocess-1.37.jar:/home/alayne/.m2/repository/org/jenkins-ci/test-annotations/1.5/test-annotations-1.5.jar:/home/alayne/.m2/repository/org/junit/jupiter/junit-jupiter/5.13.2/junit-jupiter-5.13.2.jar:/home/alayne/.m2/repository/org/junit/jupiter/junit-jupiter-params/5.13.2/junit-jupiter-params-5.13.2.jar:/home/alayne/.m2/repository/org/junit/jupiter/junit-jupiter-engine/5.13.2/junit-jupiter-engine-5.13.2.jar:/home/alayne/.m2/repository/org/junit/vintage/junit-vintage-engine/5.13.2/junit-vintage-engine-5.13.2.jar:/home/alayne/.m2/repository/org/junit/platform/junit-platform-engine/1.13.2/junit-platform-engine-1.13.2.jar:/home/alayne/.m2/repository/org/apiguardian/apiguardian-api/1.1.2/apiguardian-api-1.1.2.jar:"/>
    <property name="sun.cpu.endian" value="little"/>
    <property name="mail.smtps.sendpartial" value="true"/>
    <property name="user.home" value="/home/alayne"/>
    <property name="user.language" value="en"/>
    <property name="java.specification.vendor" value="Oracle Corporation"/>
    <property name="java.version.date" value="2025-07-15"/>
    <property name="java.home" value="/usr/lib/jvm/java-21-openjdk"/>
    <property name="surefire.forkNumber" value="1"/>
    <property name="file.separator" value="/"/>
    <property name="basedir" value="/home/alayne/repos/projects/jenkins-plugin"/>
    <property name="java.vm.compressedOopsMode" value="32-bit"/>
    <property name="line.separator" value="&#10;"/>
    <property name="java.vm.specification.vendor" value="Oracle Corporation"/>
    <property name="java.specification.name" value="Java Platform API Specification"/>
    <property name="java.awt.headless" value="true"/>
    <property name="org.eclipse.jetty.server.Request.maxFormContentSize" value="-1"/>
    <property name="surefire.real.class.path" value="/home/alayne/repos/projects/jenkins-plugin/target/surefire/surefirebooter-20250826130422524_3.jar"/>
    <property name="sun.management.compiler" value="HotSpot 64-Bit Tiered Compilers"/>
    <property name="java.runtime.version" value="21.0.8+9"/>
    <property name="user.name" value="alayne"/>
    <property name="stdout.encoding" value="UTF-8"/>
    <property name="path.separator" value=":"/>
    <property name="os.version" value="6.15.10-200.fc42.x86_64"/>
    <property name="java.runtime.name" value="OpenJDK Runtime Environment"/>
    <property name="file.encoding" value="UTF-8"/>
    <property name="jnidispatch.path" value="/home/alayne/.cache/JNA/temp/jna9035796718726843534.tmp"/>
    <property name="java.vm.name" value="OpenJDK 64-Bit Server VM"/>
    <property name="jna.platform.library.path" value="/usr/lib64:/lib64:/usr/lib:/lib:/usr/lib64/pipewire-0.3/jack:/usr/lib64/iscsi"/>
    <property name="java.vendor.version" value="(Red_Hat-21.0.8.0.9-1)"/>
    <property name="mail.smtp.sendpartial" value="true"/>
    <property name="localRepository" value="/home/alayne/.m2/repository"/>
    <property name="jna.loaded" value="true"/>
    <property name="java.vendor.url.bug" value="https://bugzilla.redhat.com/enter_bug.cgi?product=Fedora&amp;component=java-21-openjdk&amp;version=41"/>
    <property name="jetty.git.hash" value="335c9ab44a5591f0ea941bf350e139b8c4f5537c"/>
    <property name="java.io.tmpdir" value="/home/alayne/repos/projects/jenkins-plugin/target/tmp"/>
    <property name="java.version" value="21.0.8"/>
    <property name="user.dir" value="/home/alayne/repos/projects/jenkins-plugin"/>
    <property name="os.arch" value="amd64"/>
    <property name="jenkins.model.Jenkins.SHOW_STACK_TRACE" value="true"/>
    <property name="java.vm.specification.name" value="Java Virtual Machine Specification"/>
    <property name="native.encoding" value="UTF-8"/>
    <property name="java.library.path" value="/usr/java/packages/lib:/usr/lib64:/lib64:/lib:/usr/lib"/>
    <property name="java.vm.info" value="mixed mode, emulated-client"/>
    <property name="stderr.encoding" value="UTF-8"/>
    <property name="java.vendor" value="Red Hat, Inc."/>
    <property name="java.vm.version" value="21.0.8+9"/>
    <property name="sun.io.unicode.encoding" value="UnicodeLittle"/>
    <property name="java.class.version" value="65.0"/>
  </properties>
  <testcase name="testCliSanity" classname="io.jenkins.plugins.jenkins_plugin.InjectedTest" time="0.006"/>
  <testcase name="testPluginActive" classname="io.jenkins.plugins.jenkins_plugin.InjectedTest" time="0.001"/>
</testsuite>